{"D:\\Projects\\E_Commerce\\app.js": {"path":"D:\\Projects\\E_Commerce\\app.js","statementMap":{"0":{"start":{"line":1,"column":17},"end":{"line":1,"column":36}},"1":{"start":{"line":2,"column":16},"end":{"line":2,"column":34}},"2":{"start":{"line":3,"column":12},"end":{"line":3,"column":21}},"3":{"start":{"line":4,"column":19},"end":{"line":4,"column":41}},"4":{"start":{"line":5,"column":15},"end":{"line":5,"column":44}},"5":{"start":{"line":8,"column":18},"end":{"line":8,"column":47}},"6":{"start":{"line":9,"column":20},"end":{"line":9,"column":43}},"7":{"start":{"line":12,"column":0},"end":{"line":12,"column":27}},"8":{"start":{"line":13,"column":0},"end":{"line":13,"column":51}},"9":{"start":{"line":14,"column":0},"end":{"line":14,"column":68}},"10":{"start":{"line":17,"column":22},"end":{"line":17,"column":55}},"11":{"start":{"line":18,"column":21},"end":{"line":18,"column":53}},"12":{"start":{"line":19,"column":0},"end":{"line":42,"column":3}},"13":{"start":{"line":20,"column":2},"end":{"line":40,"column":3}},"14":{"start":{"line":21,"column":4},"end":{"line":29,"column":8}},"15":{"start":{"line":25,"column":6},"end":{"line":25,"column":54}},"16":{"start":{"line":28,"column":7},"end":{"line":28,"column":58}},"17":{"start":{"line":31,"column":4},"end":{"line":39,"column":8}},"18":{"start":{"line":35,"column":6},"end":{"line":35,"column":52}},"19":{"start":{"line":38,"column":7},"end":{"line":38,"column":58}},"20":{"start":{"line":41,"column":2},"end":{"line":41,"column":9}},"21":{"start":{"line":45,"column":0},"end":{"line":45,"column":16}},"22":{"start":{"line":46,"column":0},"end":{"line":46,"column":21}},"23":{"start":{"line":51,"column":13},"end":{"line":51,"column":37}},"24":{"start":{"line":52,"column":0},"end":{"line":54,"column":3}},"25":{"start":{"line":53,"column":2},"end":{"line":53,"column":51}},"26":{"start":{"line":55,"column":0},"end":{"line":59,"column":1}},"27":{"start":{"line":57,"column":5},"end":{"line":59,"column":1}},"28":{"start":{"line":58,"column":7},"end":{"line":59,"column":1}}},"fnMap":{"0":{"name":"(anonymous_0)","decl":{"start":{"line":19,"column":8},"end":{"line":19,"column":9}},"loc":{"start":{"line":19,"column":28},"end":{"line":42,"column":1}},"line":19},"1":{"name":"(anonymous_1)","decl":{"start":{"line":24,"column":12},"end":{"line":24,"column":13}},"loc":{"start":{"line":24,"column":18},"end":{"line":26,"column":6}},"line":24},"2":{"name":"(anonymous_2)","decl":{"start":{"line":27,"column":12},"end":{"line":27,"column":13}},"loc":{"start":{"line":27,"column":21},"end":{"line":29,"column":6}},"line":27},"3":{"name":"(anonymous_3)","decl":{"start":{"line":34,"column":12},"end":{"line":34,"column":13}},"loc":{"start":{"line":34,"column":18},"end":{"line":36,"column":6}},"line":34},"4":{"name":"(anonymous_4)","decl":{"start":{"line":37,"column":12},"end":{"line":37,"column":13}},"loc":{"start":{"line":37,"column":21},"end":{"line":39,"column":6}},"line":37},"5":{"name":"(anonymous_5)","decl":{"start":{"line":52,"column":17},"end":{"line":52,"column":18}},"loc":{"start":{"line":52,"column":23},"end":{"line":54,"column":1}},"line":52}},"branchMap":{"0":{"loc":{"start":{"line":20,"column":2},"end":{"line":40,"column":3}},"type":"if","locations":[{"start":{"line":20,"column":2},"end":{"line":40,"column":3}},{"start":{"line":30,"column":9},"end":{"line":40,"column":3}}],"line":20},"1":{"loc":{"start":{"line":20,"column":6},"end":{"line":20,"column":80}},"type":"binary-expr","locations":[{"start":{"line":20,"column":6},"end":{"line":20,"column":31}},{"start":{"line":20,"column":35},"end":{"line":20,"column":80}}],"line":20},"2":{"loc":{"start":{"line":51,"column":13},"end":{"line":51,"column":37}},"type":"binary-expr","locations":[{"start":{"line":51,"column":13},"end":{"line":51,"column":29}},{"start":{"line":51,"column":33},"end":{"line":51,"column":37}}],"line":51},"3":{"loc":{"start":{"line":55,"column":0},"end":{"line":59,"column":1}},"type":"if","locations":[{"start":{"line":55,"column":0},"end":{"line":59,"column":1}},{"start":{"line":57,"column":5},"end":{"line":59,"column":1}}],"line":55},"4":{"loc":{"start":{"line":57,"column":5},"end":{"line":59,"column":1}},"type":"if","locations":[{"start":{"line":57,"column":5},"end":{"line":59,"column":1}},{"start":{"line":58,"column":7},"end":{"line":59,"column":1}}],"line":57},"5":{"loc":{"start":{"line":58,"column":7},"end":{"line":59,"column":1}},"type":"if","locations":[{"start":{"line":58,"column":7},"end":{"line":59,"column":1}},{"start":{},"end":{}}],"line":58}},"s":{"0":1,"1":1,"2":1,"3":1,"4":1,"5":1,"6":1,"7":1,"8":1,"9":1,"10":1,"11":1,"12":1,"13":7,"14":0,"15":0,"16":0,"17":7,"18":7,"19":0,"20":7,"21":1,"22":1,"23":1,"24":1,"25":1,"26":1,"27":1,"28":1},"f":{"0":7,"1":0,"2":0,"3":7,"4":0,"5":1},"b":{"0":[0,7],"1":[7,0],"2":[1,1],"3":[0,1],"4":[0,1],"5":[0,1]},"_coverageSchema":"1a1c01bbd47fc00a2c39e90264f33305004495a9","hash":"1a764a5c2f6aae0b58e2f74a7ddb88c497775105"}
,"D:\\Projects\\E_Commerce\\swagger.js": {"path":"D:\\Projects\\E_Commerce\\swagger.js","statementMap":{"0":{"start":{"line":1,"column":21},"end":{"line":1,"column":45}},"1":{"start":{"line":2,"column":13},"end":{"line":2,"column":28}},"2":{"start":{"line":3,"column":18},"end":{"line":5,"column":1}},"3":{"start":{"line":18,"column":0},"end":{"line":18,"column":26}},"4":{"start":{"line":19,"column":16},"end":{"line":30,"column":1}},"5":{"start":{"line":31,"column":20},"end":{"line":31,"column":41}},"6":{"start":{"line":32,"column":0},"end":{"line":32,"column":29}}},"fnMap":{},"branchMap":{},"s":{"0":1,"1":1,"2":1,"3":1,"4":1,"5":1,"6":1},"f":{},"b":{},"_coverageSchema":"1a1c01bbd47fc00a2c39e90264f33305004495a9","hash":"506822f358813608198b3ef702ea432a9c6389e3"}
,"D:\\Projects\\E_Commerce\\models\\album.js": {"path":"D:\\Projects\\E_Commerce\\models\\album.js","statementMap":{"0":{"start":{"line":1,"column":17},"end":{"line":1,"column":36}},"1":{"start":{"line":2,"column":15},"end":{"line":2,"column":30}},"2":{"start":{"line":4,"column":20},"end":{"line":8,"column":66}},"3":{"start":{"line":10,"column":0},"end":{"line":13,"column":3}},"4":{"start":{"line":15,"column":0},"end":{"line":18,"column":3}},"5":{"start":{"line":21,"column":14},"end":{"line":21,"column":59}},"6":{"start":{"line":23,"column":0},"end":{"line":23,"column":23}}},"fnMap":{},"branchMap":{},"s":{"0":1,"1":1,"2":1,"3":1,"4":1,"5":1,"6":1},"f":{},"b":{},"_coverageSchema":"1a1c01bbd47fc00a2c39e90264f33305004495a9","hash":"dd0fda0e8279f696bcdee300d603271b3744670b"}
,"D:\\Projects\\E_Commerce\\models\\purchase.js": {"path":"D:\\Projects\\E_Commerce\\models\\purchase.js","statementMap":{"0":{"start":{"line":1,"column":17},"end":{"line":1,"column":36}},"1":{"start":{"line":2,"column":15},"end":{"line":2,"column":30}},"2":{"start":{"line":3,"column":14},"end":{"line":3,"column":32}},"3":{"start":{"line":4,"column":13},"end":{"line":4,"column":30}},"4":{"start":{"line":6,"column":23},"end":{"line":9,"column":24}},"5":{"start":{"line":11,"column":0},"end":{"line":17,"column":3}},"6":{"start":{"line":15,"column":4},"end":{"line":15,"column":19}},"7":{"start":{"line":19,"column":0},"end":{"line":22,"column":3}},"8":{"start":{"line":24,"column":17},"end":{"line":24,"column":71}},"9":{"start":{"line":26,"column":0},"end":{"line":26,"column":26}}},"fnMap":{"0":{"name":"(anonymous_0)","decl":{"start":{"line":14,"column":13},"end":{"line":14,"column":14}},"loc":{"start":{"line":14,"column":33},"end":{"line":16,"column":3}},"line":14}},"branchMap":{},"s":{"0":1,"1":1,"2":1,"3":1,"4":1,"5":1,"6":1,"7":1,"8":1,"9":1},"f":{"0":1},"b":{},"_coverageSchema":"1a1c01bbd47fc00a2c39e90264f33305004495a9","hash":"b0cb43b322f2a171de18cb4e3db9ee0966f0f961"}
,"D:\\Projects\\E_Commerce\\models\\user.js": {"path":"D:\\Projects\\E_Commerce\\models\\user.js","statementMap":{"0":{"start":{"line":1,"column":17},"end":{"line":1,"column":36}},"1":{"start":{"line":2,"column":15},"end":{"line":2,"column":30}},"2":{"start":{"line":4,"column":19},"end":{"line":4,"column":45}},"3":{"start":{"line":5,"column":0},"end":{"line":12,"column":2}},"4":{"start":{"line":14,"column":0},"end":{"line":17,"column":3}},"5":{"start":{"line":19,"column":13},"end":{"line":19,"column":55}},"6":{"start":{"line":21,"column":0},"end":{"line":21,"column":22}}},"fnMap":{},"branchMap":{},"s":{"0":1,"1":1,"2":1,"3":1,"4":1,"5":1,"6":1},"f":{},"b":{},"_coverageSchema":"1a1c01bbd47fc00a2c39e90264f33305004495a9","hash":"e7ed47334754e758bdc339ab47bf965313917ba2"}
,"D:\\Projects\\E_Commerce\\routes\\router.js": {"path":"D:\\Projects\\E_Commerce\\routes\\router.js","statementMap":{"0":{"start":{"line":1,"column":16},"end":{"line":1,"column":34}},"1":{"start":{"line":2,"column":15},"end":{"line":2,"column":31}},"2":{"start":{"line":3,"column":14},"end":{"line":3,"column":40}},"3":{"start":{"line":4,"column":17},"end":{"line":4,"column":46}},"4":{"start":{"line":5,"column":13},"end":{"line":5,"column":38}},"5":{"start":{"line":8,"column":0},"end":{"line":8,"column":27}},"6":{"start":{"line":9,"column":0},"end":{"line":9,"column":51}},"7":{"start":{"line":25,"column":0},"end":{"line":32,"column":3}},"8":{"start":{"line":26,"column":2},"end":{"line":31,"column":3}},"9":{"start":{"line":27,"column":19},"end":{"line":27,"column":37}},"10":{"start":{"line":28,"column":4},"end":{"line":28,"column":43}},"11":{"start":{"line":30,"column":4},"end":{"line":30,"column":61}},"12":{"start":{"line":47,"column":0},"end":{"line":57,"column":3}},"13":{"start":{"line":48,"column":2},"end":{"line":56,"column":3}},"14":{"start":{"line":49,"column":18},"end":{"line":49,"column":53}},"15":{"start":{"line":50,"column":4},"end":{"line":52,"column":5}},"16":{"start":{"line":51,"column":6},"end":{"line":51,"column":64}},"17":{"start":{"line":53,"column":4},"end":{"line":53,"column":42}},"18":{"start":{"line":55,"column":4},"end":{"line":55,"column":61}},"19":{"start":{"line":72,"column":0},"end":{"line":81,"column":3}},"20":{"start":{"line":73,"column":2},"end":{"line":80,"column":3}},"21":{"start":{"line":74,"column":39},"end":{"line":74,"column":47}},"22":{"start":{"line":75,"column":21},"end":{"line":75,"column":58}},"23":{"start":{"line":76,"column":23},"end":{"line":76,"column":44}},"24":{"start":{"line":77,"column":4},"end":{"line":77,"column":47}},"25":{"start":{"line":79,"column":4},"end":{"line":79,"column":61}},"26":{"start":{"line":96,"column":0},"end":{"line":111,"column":3}},"27":{"start":{"line":97,"column":2},"end":{"line":110,"column":3}},"28":{"start":{"line":98,"column":39},"end":{"line":98,"column":47}},"29":{"start":{"line":99,"column":25},"end":{"line":103,"column":5}},"30":{"start":{"line":104,"column":4},"end":{"line":106,"column":5}},"31":{"start":{"line":105,"column":6},"end":{"line":105,"column":64}},"32":{"start":{"line":107,"column":4},"end":{"line":107,"column":49}},"33":{"start":{"line":109,"column":4},"end":{"line":109,"column":61}},"34":{"start":{"line":122,"column":0},"end":{"line":132,"column":3}},"35":{"start":{"line":123,"column":2},"end":{"line":131,"column":3}},"36":{"start":{"line":124,"column":25},"end":{"line":124,"column":69}},"37":{"start":{"line":125,"column":4},"end":{"line":127,"column":5}},"38":{"start":{"line":126,"column":6},"end":{"line":126,"column":64}},"39":{"start":{"line":128,"column":4},"end":{"line":128,"column":26}},"40":{"start":{"line":130,"column":4},"end":{"line":130,"column":61}},"41":{"start":{"line":147,"column":0},"end":{"line":167,"column":3}},"42":{"start":{"line":148,"column":2},"end":{"line":166,"column":3}},"43":{"start":{"line":149,"column":28},"end":{"line":149,"column":36}},"44":{"start":{"line":152,"column":25},"end":{"line":152,"column":50}},"45":{"start":{"line":153,"column":26},"end":{"line":153,"column":53}},"46":{"start":{"line":155,"column":4},"end":{"line":157,"column":5}},"47":{"start":{"line":156,"column":6},"end":{"line":156,"column":72}},"48":{"start":{"line":160,"column":24},"end":{"line":160,"column":82}},"49":{"start":{"line":161,"column":26},"end":{"line":161,"column":50}},"50":{"start":{"line":163,"column":4},"end":{"line":163,"column":50}},"51":{"start":{"line":165,"column":4},"end":{"line":165,"column":61}},"52":{"start":{"line":169,"column":0},"end":{"line":169,"column":24}}},"fnMap":{"0":{"name":"(anonymous_0)","decl":{"start":{"line":25,"column":22},"end":{"line":25,"column":23}},"loc":{"start":{"line":25,"column":42},"end":{"line":32,"column":1}},"line":25},"1":{"name":"(anonymous_1)","decl":{"start":{"line":47,"column":26},"end":{"line":47,"column":27}},"loc":{"start":{"line":47,"column":46},"end":{"line":57,"column":1}},"line":47},"2":{"name":"(anonymous_2)","decl":{"start":{"line":72,"column":23},"end":{"line":72,"column":24}},"loc":{"start":{"line":72,"column":43},"end":{"line":81,"column":1}},"line":72},"3":{"name":"(anonymous_3)","decl":{"start":{"line":96,"column":26},"end":{"line":96,"column":27}},"loc":{"start":{"line":96,"column":46},"end":{"line":111,"column":1}},"line":96},"4":{"name":"(anonymous_4)","decl":{"start":{"line":122,"column":29},"end":{"line":122,"column":30}},"loc":{"start":{"line":122,"column":49},"end":{"line":132,"column":1}},"line":122},"5":{"name":"(anonymous_5)","decl":{"start":{"line":147,"column":26},"end":{"line":147,"column":27}},"loc":{"start":{"line":147,"column":46},"end":{"line":167,"column":1}},"line":147}},"branchMap":{"0":{"loc":{"start":{"line":50,"column":4},"end":{"line":52,"column":5}},"type":"if","locations":[{"start":{"line":50,"column":4},"end":{"line":52,"column":5}},{"start":{},"end":{}}],"line":50},"1":{"loc":{"start":{"line":104,"column":4},"end":{"line":106,"column":5}},"type":"if","locations":[{"start":{"line":104,"column":4},"end":{"line":106,"column":5}},{"start":{},"end":{}}],"line":104},"2":{"loc":{"start":{"line":125,"column":4},"end":{"line":127,"column":5}},"type":"if","locations":[{"start":{"line":125,"column":4},"end":{"line":127,"column":5}},{"start":{},"end":{}}],"line":125},"3":{"loc":{"start":{"line":155,"column":4},"end":{"line":157,"column":5}},"type":"if","locations":[{"start":{"line":155,"column":4},"end":{"line":157,"column":5}},{"start":{},"end":{}}],"line":155},"4":{"loc":{"start":{"line":155,"column":8},"end":{"line":155,"column":39}},"type":"binary-expr","locations":[{"start":{"line":155,"column":8},"end":{"line":155,"column":21}},{"start":{"line":155,"column":25},"end":{"line":155,"column":39}}],"line":155}},"s":{"0":1,"1":1,"2":1,"3":1,"4":1,"5":1,"6":1,"7":1,"8":1,"9":1,"10":1,"11":0,"12":1,"13":1,"14":1,"15":1,"16":0,"17":1,"18":0,"19":1,"20":1,"21":1,"22":1,"23":1,"24":1,"25":0,"26":1,"27":1,"28":1,"29":1,"30":1,"31":0,"32":1,"33":0,"34":1,"35":2,"36":2,"37":2,"38":0,"39":2,"40":0,"41":1,"42":1,"43":1,"44":1,"45":1,"46":1,"47":0,"48":1,"49":1,"50":1,"51":0,"52":1},"f":{"0":1,"1":1,"2":1,"3":1,"4":2,"5":1},"b":{"0":[0,1],"1":[0,1],"2":[0,2],"3":[0,1],"4":[1,1]},"_coverageSchema":"1a1c01bbd47fc00a2c39e90264f33305004495a9","hash":"15ea429bb0033bbc18a20a6c27736fa3b9a00eae"}
}
