TN:
SF:app.js
FN:19,(anonymous_0)
FN:24,(anonymous_1)
FN:27,(anonymous_2)
FN:34,(anonymous_3)
FN:37,(anonymous_4)
FN:52,(anonymous_5)
FNF:6
FNH:3
FNDA:7,(anonymous_0)
FNDA:0,(anonymous_1)
FNDA:0,(anonymous_2)
FNDA:7,(anonymous_3)
FNDA:0,(anonymous_4)
FNDA:1,(anonymous_5)
DA:1,1
DA:2,1
DA:3,1
DA:4,1
DA:5,1
DA:8,1
DA:9,1
DA:12,1
DA:13,1
DA:14,1
DA:17,1
DA:18,1
DA:19,1
DA:20,7
DA:21,0
DA:25,0
DA:28,0
DA:31,7
DA:35,7
DA:38,0
DA:41,7
DA:45,1
DA:46,1
DA:51,1
DA:52,1
DA:53,1
DA:55,1
DA:57,1
DA:58,1
LF:29
LH:25
BRDA:20,0,0,0
BRDA:20,0,1,7
BRDA:20,1,0,7
BRDA:20,1,1,0
BRDA:51,2,0,1
BRDA:51,2,1,1
BRDA:55,3,0,0
BRDA:55,3,1,1
BRDA:57,4,0,0
BRDA:57,4,1,1
BRDA:58,5,0,0
BRDA:58,5,1,1
BRF:12
BRH:7
end_of_record
TN:
SF:swagger.js
FNF:0
FNH:0
DA:1,1
DA:2,1
DA:3,1
DA:18,1
DA:19,1
DA:31,1
DA:32,1
LF:7
LH:7
BRF:0
BRH:0
end_of_record
TN:
SF:models\album.js
FNF:0
FNH:0
DA:1,1
DA:2,1
DA:4,1
DA:10,1
DA:15,1
DA:21,1
DA:23,1
LF:7
LH:7
BRF:0
BRH:0
end_of_record
TN:
SF:models\purchase.js
FN:14,(anonymous_0)
FNF:1
FNH:1
FNDA:1,(anonymous_0)
DA:1,1
DA:2,1
DA:3,1
DA:4,1
DA:6,1
DA:11,1
DA:15,1
DA:19,1
DA:24,1
DA:26,1
LF:10
LH:10
BRF:0
BRH:0
end_of_record
TN:
SF:models\user.js
FNF:0
FNH:0
DA:1,1
DA:2,1
DA:4,1
DA:5,1
DA:14,1
DA:19,1
DA:21,1
LF:7
LH:7
BRF:0
BRH:0
end_of_record
TN:
SF:routes\router.js
FN:25,(anonymous_0)
FN:47,(anonymous_1)
FN:72,(anonymous_2)
FN:96,(anonymous_3)
FN:122,(anonymous_4)
FN:147,(anonymous_5)
FNF:6
FNH:6
FNDA:1,(anonymous_0)
FNDA:1,(anonymous_1)
FNDA:1,(anonymous_2)
FNDA:1,(anonymous_3)
FNDA:2,(anonymous_4)
FNDA:1,(anonymous_5)
DA:1,1
DA:2,1
DA:3,1
DA:4,1
DA:5,1
DA:8,1
DA:9,1
DA:25,1
DA:26,1
DA:27,1
DA:28,1
DA:30,0
DA:47,1
DA:48,1
DA:49,1
DA:50,1
DA:51,0
DA:53,1
DA:55,0
DA:72,1
DA:73,1
DA:74,1
DA:75,1
DA:76,1
DA:77,1
DA:79,0
DA:96,1
DA:97,1
DA:98,1
DA:99,1
DA:104,1
DA:105,0
DA:107,1
DA:109,0
DA:122,1
DA:123,2
DA:124,2
DA:125,2
DA:126,0
DA:128,2
DA:130,0
DA:147,1
DA:148,1
DA:149,1
DA:152,1
DA:153,1
DA:155,1
DA:156,0
DA:160,1
DA:161,1
DA:163,1
DA:165,0
DA:169,1
LF:53
LH:43
BRDA:50,0,0,0
BRDA:50,0,1,1
BRDA:104,1,0,0
BRDA:104,1,1,1
BRDA:125,2,0,0
BRDA:125,2,1,2
BRDA:155,3,0,0
BRDA:155,3,1,1
BRDA:155,4,0,1
BRDA:155,4,1,1
BRF:10
BRH:6
end_of_record
